\BOOKMARK [1][-]{section.1}{\376\377\000I\000n\000t\000r\000o\000d\000u\000c\000c\000i\000\363\000n}{}% 1
\BOOKMARK [2][-]{subsection.1.1}{\376\377\000O\000b\000j\000e\000t\000i\000v\000o\000s}{section.1}% 2
\BOOKMARK [1][-]{section.2}{\376\377\000P\000l\000a\000n\000i\000f\000i\000c\000a\000c\000i\000\363\000n\000\040\000i\000n\000i\000c\000i\000a\000l\000\040\000d\000e\000l\000\040\000t\000r\000a\000b\000a\000j\000o}{}% 3
\BOOKMARK [2][-]{subsection.2.1}{\376\377\000P\000l\000a\000n\000i\000f\000i\000c\000a\000c\000i\000\363\000n\000\040\000t\000e\000m\000p\000o\000r\000a\000l}{section.2}% 4
\BOOKMARK [3][-]{subsubsection.2.1.1}{\376\377\000F\000a\000s\000e\000\040\0001\000:\000\040\000R\000e\000c\000o\000l\000e\000c\000c\000i\000\363\000n\000\040\000y\000\040\000a\000n\000\341\000l\000i\000s\000i\000s\000\040\000d\000e\000\040\000r\000e\000q\000u\000i\000s\000i\000t\000o\000s}{subsection.2.1}% 5
\BOOKMARK [3][-]{subsubsection.2.1.2}{\376\377\000F\000a\000s\000e\000\040\0002\000:\000\040\000D\000i\000s\000e\000\361\000o}{subsection.2.1}% 6
\BOOKMARK [3][-]{subsubsection.2.1.3}{\376\377\000F\000a\000s\000e\000\040\0003\000:\000\040\000I\000m\000p\000l\000e\000m\000e\000n\000t\000a\000c\000i\000\363\000n\000\040\000y\000\040\000e\000x\000p\000e\000r\000i\000m\000e\000n\000t\000a\000c\000i\000\363\000n}{subsection.2.1}% 7
\BOOKMARK [3][-]{subsubsection.2.1.4}{\376\377\000F\000a\000s\000e\000\040\0004\000:\000\040\000I\000n\000t\000e\000g\000r\000a\000c\000i\000\363\000n\000,\000\040\000p\000r\000u\000e\000b\000a\000s\000\040\000y\000\040\000v\000a\000l\000i\000d\000a\000c\000i\000\363\000n}{subsection.2.1}% 8
\BOOKMARK [3][-]{subsubsection.2.1.5}{\376\377\000F\000a\000s\000e\000\040\0005\000:\000\040\000D\000o\000c\000u\000m\000e\000n\000t\000a\000c\000i\000\363\000n\000\040\000y\000\040\000e\000n\000t\000r\000e\000g\000a}{subsection.2.1}% 9
\BOOKMARK [3][-]{subsubsection.2.1.6}{\376\377\000C\000r\000o\000n\000o\000g\000r\000a\000m\000a\000\040\000v\000i\000s\000u\000a\000l\000\040\000d\000e\000l\000\040\000p\000r\000o\000y\000e\000c\000t\000o}{subsection.2.1}% 10
\BOOKMARK [2][-]{subsection.2.2}{\376\377\000P\000l\000a\000n\000i\000f\000i\000c\000a\000c\000i\000\363\000n\000\040\000d\000e\000\040\000r\000e\000c\000u\000r\000s\000o\000s}{section.2}% 11
\BOOKMARK [2][-]{subsection.2.3}{\376\377\000P\000l\000a\000n\000i\000f\000i\000c\000a\000c\000i\000\363\000n\000\040\000e\000c\000o\000n\000\363\000m\000i\000c\000a}{section.2}% 12
\BOOKMARK [2][-]{subsection.2.4}{\376\377\000A\000j\000u\000s\000t\000e\000s\000\040\000r\000e\000a\000l\000i\000z\000a\000d\000o\000s\000\040\000s\000o\000b\000r\000e\000\040\000l\000a\000\040\000p\000l\000a\000n\000i\000f\000i\000c\000a\000c\000i\000\363\000n\000\040\000i\000n\000i\000c\000i\000a\000l}{section.2}% 13
\BOOKMARK [1][-]{section.3}{\376\377\000M\000e\000t\000o\000d\000o\000l\000o\000g\000\355\000a}{}% 14
\BOOKMARK [2][-]{subsection.3.1}{\376\377\000E\000n\000f\000o\000q\000u\000e\000\040\000m\000e\000t\000o\000d\000o\000l\000\363\000g\000i\000c\000o}{section.3}% 15
\BOOKMARK [2][-]{subsection.3.2}{\376\377\000H\000e\000r\000r\000a\000m\000i\000e\000n\000t\000a\000s\000\040\000y\000\040\000t\000e\000c\000n\000o\000l\000o\000g\000\355\000a\000s\000\040\000u\000t\000i\000l\000i\000z\000a\000d\000a\000s}{section.3}% 16
\BOOKMARK [2][-]{subsection.3.3}{\376\377\000D\000a\000t\000a\000s\000e\000t\000s\000\040\000u\000t\000i\000l\000i\000z\000a\000d\000o\000s}{section.3}% 17
\BOOKMARK [2][-]{subsection.3.4}{\376\377\000M\000o\000d\000e\000l\000o\000s\000\040\000y\000\040\000a\000r\000q\000u\000i\000t\000e\000c\000t\000u\000r\000a\000s\000\040\000e\000x\000p\000l\000o\000r\000a\000d\000a\000s}{section.3}% 18
\BOOKMARK [2][-]{subsection.3.5}{\376\377\000J\000u\000s\000t\000i\000f\000i\000c\000a\000c\000i\000\363\000n\000\040\000t\000\351\000c\000n\000i\000c\000a\000\040\000y\000\040\000d\000e\000c\000i\000s\000i\000o\000n\000e\000s\000\040\000a\000d\000o\000p\000t\000a\000d\000a\000s}{section.3}% 19
\BOOKMARK [0][-]{part.1}{\376\377\000I\000\040\000D\000e\000s\000a\000r\000r\000o\000l\000l\000o\000\040\000d\000e\000\040\000m\000o\000d\000e\000l\000o\000s}{}% 20
\BOOKMARK [1][-]{section.4}{\376\377\000E\000s\000t\000a\000d\000o\000\040\000d\000e\000l\000\040\000A\000r\000t\000e}{part.1}% 21
\BOOKMARK [2][-]{subsection.4.1}{\376\377\000A\000n\000t\000e\000c\000e\000d\000e\000n\000t\000e\000s}{section.4}% 22
\BOOKMARK [2][-]{subsection.4.2}{\376\377\000S\000i\000s\000t\000e\000m\000a\000s\000\040\000d\000e\000\040\000R\000e\000c\000u\000p\000e\000r\000a\000c\000i\000\363\000n\000\040\000d\000e\000\040\000I\000m\000\341\000g\000e\000n\000e\000s\000\040\000p\000o\000r\000\040\000R\000a\000s\000g\000o\000s\000\040\000V\000i\000s\000u\000a\000l\000e\000s\000\040\000\050\000C\000B\000I\000R\000\051}{section.4}% 23
\BOOKMARK [3][-]{subsubsection.4.2.1}{\376\377\000D\000e\000f\000i\000n\000i\000c\000i\000\363\000n}{subsection.4.2}% 24
\BOOKMARK [3][-]{subsubsection.4.2.2}{\376\377\000C\000a\000r\000a\000c\000t\000e\000r\000\355\000s\000t\000i\000c\000a\000s}{subsection.4.2}% 25
\BOOKMARK [3][-]{subsubsection.4.2.3}{\376\377\000M\000e\000d\000i\000d\000a\000s\000\040\000d\000e\000\040\000s\000i\000m\000i\000l\000i\000t\000u\000d}{subsection.4.2}% 26
\BOOKMARK [3][-]{subsubsection.4.2.4}{\376\377\000A\000p\000l\000i\000c\000a\000c\000i\000o\000n\000e\000s}{subsection.4.2}% 27
\BOOKMARK [3][-]{subsubsection.4.2.5}{\376\377\000D\000i\000f\000e\000r\000e\000n\000c\000i\000a\000s\000\040\000e\000n\000t\000r\000e\000\040\000T\000B\000I\000R\000\040\000y\000\040\000C\000B\000I\000R}{subsection.4.2}% 28
\BOOKMARK [2][-]{subsection.4.3}{\376\377\000D\000e\000s\000c\000r\000i\000p\000t\000o\000r\000e\000s\000\040\000v\000i\000s\000u\000a\000l\000e\000s\000\040\000d\000e\000\040\000b\000a\000j\000o\000\040\000n\000i\000v\000e\000l}{section.4}% 29
\BOOKMARK [3][-]{subsubsection.4.3.1}{\376\377\000R\000e\000p\000r\000e\000s\000e\000n\000t\000a\000c\000i\000\363\000n\000\040\000v\000i\000s\000u\000a\000l\000\040\000s\000e\000g\000\372\000n\000\040\000M\000P\000E\000G\000-\0007}{subsection.4.3}% 30
\BOOKMARK [3][-]{subsubsection.4.3.2}{\376\377\000D\000e\000s\000c\000r\000i\000p\000t\000o\000r\000\040\000d\000e\000\040\000c\000o\000l\000o\000r\000\040\000d\000o\000m\000i\000n\000a\000n\000t\000e}{subsection.4.3}% 31
\BOOKMARK [3][-]{subsubsection.4.3.3}{\376\377\000D\000e\000s\000c\000r\000i\000p\000t\000o\000r\000\040\000d\000e\000\040\000c\000o\000l\000o\000r\000\040\000e\000s\000c\000a\000l\000a\000b\000l\000e}{subsection.4.3}% 32
\BOOKMARK [3][-]{subsubsection.4.3.4}{\376\377\000D\000e\000s\000c\000r\000i\000p\000t\000o\000r\000\040\000d\000e\000\040\000e\000s\000t\000r\000u\000c\000t\000u\000r\000a\000\040\000d\000e\000\040\000c\000o\000l\000o\000r}{subsection.4.3}% 33
\BOOKMARK [2][-]{subsection.4.4}{\376\377\000R\000e\000d\000e\000s\000\040\000N\000e\000u\000r\000o\000n\000a\000l\000e\000s}{section.4}% 34
\BOOKMARK [3][-]{subsubsection.4.4.1}{\376\377\000F\000u\000n\000d\000a\000m\000e\000n\000t\000o\000s}{subsection.4.4}% 35
\BOOKMARK [3][-]{subsubsection.4.4.2}{\376\377\000F\000u\000n\000c\000i\000o\000n\000e\000s\000\040\000d\000e\000\040\000a\000c\000t\000i\000v\000a\000c\000i\000\363\000n}{subsection.4.4}% 36
\BOOKMARK [3][-]{subsubsection.4.4.3}{\376\377\000T\000i\000p\000o\000s}{subsection.4.4}% 37
\BOOKMARK [3][-]{subsubsection.4.4.4}{\376\377\000A\000p\000l\000i\000c\000a\000c\000i\000o\000n\000e\000s}{subsection.4.4}% 38
\BOOKMARK [2][-]{subsection.4.5}{\376\377\000R\000e\000d\000e\000s\000\040\000G\000e\000n\000e\000r\000a\000t\000i\000v\000a\000s\000\040\000A\000d\000v\000e\000r\000s\000a\000r\000i\000a\000s\000\040\000\050\000G\000A\000N\000\051}{section.4}% 39
\BOOKMARK [3][-]{subsubsection.4.5.1}{\376\377\000C\000o\000m\000p\000o\000n\000e\000n\000t\000e\000s}{subsection.4.5}% 40
\BOOKMARK [3][-]{subsubsection.4.5.2}{\376\377\000P\000r\000o\000c\000e\000s\000o\000\040\000d\000e\000\040\000e\000n\000t\000r\000e\000n\000a\000m\000i\000e\000n\000t\000o}{subsection.4.5}% 41
\BOOKMARK [3][-]{subsubsection.4.5.3}{\376\377\000E\000f\000e\000c\000t\000o\000s\000\040\000d\000e\000l\000\040\000r\000u\000i\000d\000o\000\040\000e\000n\000\040\000l\000a\000\040\000g\000e\000n\000e\000r\000a\000c\000i\000\363\000n\000\040\000d\000e\000\040\000i\000m\000\341\000g\000e\000n\000e\000s}{subsection.4.5}% 42
\BOOKMARK [3][-]{subsubsection.4.5.4}{\376\377\000A\000p\000l\000i\000c\000a\000c\000i\000o\000n\000e\000s}{subsection.4.5}% 43
\BOOKMARK [2][-]{subsection.4.6}{\376\377\000R\000e\000d\000e\000s\000\040\000G\000e\000n\000e\000r\000a\000t\000i\000v\000a\000s\000\040\000A\000d\000v\000e\000r\000s\000a\000r\000i\000a\000s\000\040\000C\000o\000n\000d\000i\000c\000i\000o\000n\000a\000l\000e\000s\000\040\000\050\000c\000G\000A\000N\000\051}{section.4}% 44
\BOOKMARK [3][-]{subsubsection.4.6.1}{\376\377\000F\000u\000n\000c\000i\000\363\000n\000\040\000d\000e\000\040\000l\000a\000s\000\040\000E\000t\000i\000q\000u\000e\000t\000a\000s}{subsection.4.6}% 45
\BOOKMARK [3][-]{subsubsection.4.6.2}{\376\377\000P\000r\000o\000c\000e\000s\000o\000\040\000d\000e\000\040\000e\000n\000t\000r\000e\000n\000a\000m\000i\000e\000n\000t\000o}{subsection.4.6}% 46
\BOOKMARK [3][-]{subsubsection.4.6.3}{\376\377\000A\000p\000l\000i\000c\000a\000c\000i\000o\000n\000e\000s}{subsection.4.6}% 47
\BOOKMARK [2][-]{subsection.4.7}{\376\377\000R\000e\000d\000e\000s\000\040\000G\000e\000n\000e\000r\000a\000t\000i\000v\000a\000s\000\040\000A\000d\000v\000e\000r\000s\000a\000r\000i\000a\000s\000\040\000c\000o\000n\000\040\000A\000t\000e\000n\000c\000i\000\363\000n\000\040\000\050\000A\000t\000t\000n\000G\000A\000N\000\051}{section.4}% 48
\BOOKMARK [3][-]{subsubsection.4.7.1}{\376\377\000A\000r\000q\000u\000i\000t\000e\000c\000t\000u\000r\000a}{subsection.4.7}% 49
\BOOKMARK [3][-]{subsubsection.4.7.2}{\376\377\000D\000A\000M\000S\000M}{subsection.4.7}% 50
\BOOKMARK [3][-]{subsubsection.4.7.3}{\376\377\000M\000e\000c\000a\000n\000i\000s\000m\000o\000s\000\040\000d\000e\000\040\000a\000t\000e\000n\000c\000i\000\363\000n}{subsection.4.7}% 51
\BOOKMARK [3][-]{subsubsection.4.7.4}{\376\377\000M\000\351\000t\000r\000i\000c\000a\000s\000\040\000d\000e\000\040\000e\000v\000a\000l\000u\000a\000c\000i\000\363\000n}{subsection.4.7}% 52
\BOOKMARK [3][-]{subsubsection.4.7.5}{\376\377\000P\000r\000o\000c\000e\000s\000o\000\040\000d\000e\000\040\000e\000n\000t\000r\000e\000n\000a\000m\000i\000e\000n\000t\000o}{subsection.4.7}% 53
\BOOKMARK [3][-]{subsubsection.4.7.6}{\376\377\000A\000p\000l\000i\000c\000a\000c\000i\000o\000n\000e\000s}{subsection.4.7}% 54
\BOOKMARK [2][-]{subsection.4.8}{\376\377\000P\000r\000o\000c\000e\000s\000a\000m\000i\000e\000n\000t\000o\000\040\000d\000e\000l\000\040\000l\000e\000n\000g\000u\000a\000j\000e\000\040\000n\000a\000t\000u\000r\000a\000l}{section.4}% 55
\BOOKMARK [3][-]{subsubsection.4.8.1}{\376\377\000P\000r\000e\000p\000a\000r\000a\000c\000i\000\363\000n\000\040\000d\000e\000l\000\040\000t\000e\000x\000t\000o}{subsection.4.8}% 56
\BOOKMARK [3][-]{subsubsection.4.8.2}{\376\377\000T\000o\000k\000e\000n\000i\000z\000a\000c\000i\000\363\000n}{subsection.4.8}% 57
\BOOKMARK [3][-]{subsubsection.4.8.3}{\376\377\000R\000e\000p\000r\000e\000s\000e\000n\000t\000a\000c\000i\000\363\000n\000\040\000d\000e\000l\000\040\000t\000e\000x\000t\000o}{subsection.4.8}% 58
\BOOKMARK [2][-]{subsection.4.9}{\376\377\000G\000e\000n\000e\000r\000a\000c\000i\000\363\000n\000\040\000d\000e\000\040\000i\000m\000\341\000g\000e\000n\000e\000s\000\040\000a\000\040\000p\000a\000r\000t\000i\000r\000\040\000d\000e\000\040\000t\000e\000x\000t\000o}{section.4}% 59
\BOOKMARK [3][-]{subsubsection.4.9.1}{\376\377\000E\000j\000e\000m\000p\000l\000o\000s}{subsection.4.9}% 60
\BOOKMARK [3][-]{subsubsection.4.9.2}{\376\377\000C\000o\000n\000s\000i\000d\000e\000r\000a\000c\000i\000o\000n\000e\000s\000\040\000\311\000t\000i\000c\000a\000s\000\040\000y\000\040\000d\000e\000\040\000P\000r\000i\000v\000a\000c\000i\000d\000a\000d}{subsection.4.9}% 61
\BOOKMARK [2][-]{subsection.4.10}{\376\377\000M\000o\000d\000e\000l\000o\000s\000\040\000d\000e\000\040\000D\000i\000f\000u\000s\000i\000\363\000n\000\040\000y\000\040\000S\000t\000a\000b\000l\000e\000\040\000D\000i\000f\000f\000u\000s\000i\000o\000n}{section.4}% 62
\BOOKMARK [3][-]{subsubsection.4.10.1}{\376\377\000F\000u\000n\000d\000a\000m\000e\000n\000t\000o\000s\000\040\000d\000e\000\040\000l\000o\000s\000\040\000m\000o\000d\000e\000l\000o\000s\000\040\000d\000e\000\040\000d\000i\000f\000u\000s\000i\000\363\000n}{subsection.4.10}% 63
\BOOKMARK [3][-]{subsubsection.4.10.2}{\376\377\000T\000r\000a\000n\000s\000i\000c\000i\000\363\000n\000\040\000h\000a\000c\000i\000a\000\040\000l\000a\000\040\000d\000i\000f\000u\000s\000i\000\363\000n\000\040\000l\000a\000t\000e\000n\000t\000e}{subsection.4.10}% 64
\BOOKMARK [3][-]{subsubsection.4.10.3}{\376\377\000S\000t\000a\000b\000l\000e\000\040\000D\000i\000f\000f\000u\000s\000i\000o\000n}{subsection.4.10}% 65
\BOOKMARK [3][-]{subsubsection.4.10.4}{\376\377\000V\000e\000n\000t\000a\000j\000a\000s\000\040\000f\000r\000e\000n\000t\000e\000\040\000a\000\040\000o\000t\000r\000a\000s\000\040\000a\000r\000q\000u\000i\000t\000e\000c\000t\000u\000r\000a\000s}{subsection.4.10}% 66
\BOOKMARK [3][-]{subsubsection.4.10.5}{\376\377\000A\000p\000l\000i\000c\000a\000c\000i\000o\000n\000e\000s\000\040\000p\000r\000\341\000c\000t\000i\000c\000a\000s\000\040\000y\000\040\000u\000s\000o\000\040\000e\000n\000\040\000e\000s\000t\000e\000\040\000t\000r\000a\000b\000a\000j\000o}{subsection.4.10}% 67
\BOOKMARK [3][-]{subsubsection.4.10.6}{\376\377\000L\000i\000m\000i\000t\000a\000c\000i\000o\000n\000e\000s\000\040\000y\000\040\000d\000e\000s\000a\000f\000\355\000o\000s\000\040\000a\000c\000t\000u\000a\000l\000e\000s}{subsection.4.10}% 68
\BOOKMARK [1][-]{section.5}{\376\377\000E\000n\000t\000r\000e\000n\000a\000m\000i\000e\000n\000t\000o\000\040\000y\000\040\000e\000x\000p\000e\000r\000i\000m\000e\000n\000t\000a\000c\000i\000\363\000n\000\040\000c\000o\000n\000\040\000m\000o\000d\000e\000l\000o\000s\000\040\000g\000e\000n\000e\000r\000a\000t\000i\000v\000o\000s}{part.1}% 69
\BOOKMARK [2][-]{subsection.5.1}{\376\377\000P\000r\000i\000m\000e\000r\000a\000\040\000a\000p\000r\000o\000x\000i\000m\000a\000c\000i\000\363\000n\000:\000\040\000G\000A\000N}{section.5}% 70
\BOOKMARK [3][-]{subsubsection.5.1.1}{\376\377\000L\000i\000b\000r\000e\000r\000\355\000a\000s\000,\000\040\000h\000e\000r\000r\000a\000m\000i\000e\000n\000t\000a\000s\000\040\000y\000\040\000d\000a\000t\000a\000s\000e\000t\000s}{subsection.5.1}% 71
\BOOKMARK [3][-]{subsubsection.5.1.2}{\376\377\000P\000r\000u\000e\000b\000a\000s\000\040\000y\000\040\000r\000e\000s\000u\000l\000t\000a\000d\000o\000s}{subsection.5.1}% 72
\BOOKMARK [3][-]{subsubsection.5.1.3}{\376\377\000C\000o\000n\000c\000l\000u\000s\000i\000\363\000n}{subsection.5.1}% 73
\BOOKMARK [2][-]{subsection.5.2}{\376\377\000C\000o\000n\000d\000i\000c\000i\000o\000n\000a\000l\000i\000d\000a\000d\000:\000\040\000c\000G\000A\000N}{section.5}% 74
\BOOKMARK [3][-]{subsubsection.5.2.1}{\376\377\000L\000i\000b\000r\000e\000r\000\355\000a\000s\000\040\000y\000\040\000H\000e\000r\000r\000a\000m\000i\000e\000n\000t\000a\000s}{subsection.5.2}% 75
\BOOKMARK [3][-]{subsubsection.5.2.2}{\376\377\000P\000r\000o\000c\000e\000s\000a\000m\000i\000e\000n\000t\000o\000\040\000d\000e\000\040\000T\000e\000x\000t\000o}{subsection.5.2}% 76
\BOOKMARK [3][-]{subsubsection.5.2.3}{\376\377\000P\000r\000u\000e\000b\000a\000s\000\040\000p\000r\000e\000l\000i\000m\000i\000n\000a\000r\000e\000s\000\040\000c\000o\000n\000\040\000M\000N\000I\000S\000T}{subsection.5.2}% 77
\BOOKMARK [3][-]{subsubsection.5.2.4}{\376\377\000D\000a\000t\000a\000s\000e\000t\000s}{subsection.5.2}% 78
\BOOKMARK [3][-]{subsubsection.5.2.5}{\376\377\000P\000r\000u\000e\000b\000a\000s\000\040\000y\000\040\000r\000e\000s\000u\000l\000t\000a\000d\000o\000s}{subsection.5.2}% 79
\BOOKMARK [3][-]{subsubsection.5.2.6}{\376\377\000P\000r\000u\000e\000b\000a\000s\000\040\000c\000o\000n\000\040\000d\000i\000f\000e\000r\000e\000n\000t\000e\000s\000\040\000n\000\372\000m\000e\000r\000o\000s\000\040\000d\000e\000\040\000\351\000p\000o\000c\000a\000s}{subsection.5.2}% 80
\BOOKMARK [3][-]{subsubsection.5.2.7}{\376\377\000V\000i\000s\000u\000a\000l\000i\000z\000a\000c\000i\000\363\000n\000\040\000d\000e\000\040\000p\000\351\000r\000d\000i\000d\000a\000s}{subsection.5.2}% 81
\BOOKMARK [3][-]{subsubsection.5.2.8}{\376\377\000C\000o\000n\000c\000l\000u\000s\000i\000\363\000n}{subsection.5.2}% 82
\BOOKMARK [2][-]{subsection.5.3}{\376\377\000A\000t\000e\000n\000c\000i\000\363\000n\000\040\000t\000e\000x\000t\000u\000a\000l\000:\000\040\000A\000t\000t\000n\000G\000A\000N}{section.5}% 83
\BOOKMARK [3][-]{subsubsection.5.3.1}{\376\377\000C\000o\000n\000f\000i\000g\000u\000r\000a\000c\000i\000\363\000n\000\040\000d\000e\000l\000\040\000e\000n\000t\000r\000e\000n\000a\000m\000i\000e\000n\000t\000o}{subsection.5.3}% 84
\BOOKMARK [3][-]{subsubsection.5.3.2}{\376\377\000P\000r\000o\000c\000e\000s\000o\000\040\000d\000e\000\040\000e\000n\000t\000r\000e\000n\000a\000m\000i\000e\000n\000t\000o}{subsection.5.3}% 85
\BOOKMARK [3][-]{subsubsection.5.3.3}{\376\377\000R\000e\000s\000u\000l\000t\000a\000d\000o\000s\000\040\000y\000\040\000e\000v\000a\000l\000u\000a\000c\000i\000\363\000n\000\040\000v\000i\000s\000u\000a\000l}{subsection.5.3}% 86
\BOOKMARK [2][-]{subsection.5.4}{\376\377\000M\000o\000d\000e\000l\000o\000\040\000f\000i\000n\000a\000l}{section.5}% 87
\BOOKMARK [3][-]{subsubsection.5.4.1}{\376\377\000M\000o\000t\000i\000v\000a\000c\000i\000\363\000n\000\040\000p\000a\000r\000a\000\040\000e\000l\000\040\000u\000s\000o\000\040\000d\000e\000\040\000m\000o\000d\000e\000l\000o\000s\000\040\000p\000r\000e\000e\000n\000t\000r\000e\000n\000a\000d\000o\000s}{subsection.5.4}% 88
\BOOKMARK [3][-]{subsubsection.5.4.2}{\376\377\000D\000e\000s\000c\000r\000i\000p\000c\000i\000\363\000n\000\040\000d\000e\000l\000\040\000m\000o\000d\000e\000l\000o\000:\000\040\000S\000t\000a\000b\000l\000e\000\040\000D\000i\000f\000f\000u\000s\000i\000o\000n}{subsection.5.4}% 89
\BOOKMARK [3][-]{subsubsection.5.4.3}{\376\377\000E\000v\000a\000l\000u\000a\000c\000i\000\363\000n\000\040\000i\000n\000i\000c\000i\000a\000l\000\040\000d\000e\000l\000\040\000m\000o\000d\000e\000l\000o}{subsection.5.4}% 90
\BOOKMARK [3][-]{subsubsection.5.4.4}{\376\377\000E\000x\000p\000l\000o\000r\000a\000c\000i\000\363\000n\000\040\000d\000e\000\040\000t\000\351\000c\000n\000i\000c\000a\000s\000\040\000d\000e\000\040\000o\000p\000t\000i\000m\000i\000z\000a\000c\000i\000\363\000n}{subsection.5.4}% 91
\BOOKMARK [3][-]{subsubsection.5.4.5}{\376\377\000O\000p\000t\000i\000m\000i\000z\000a\000c\000i\000\363\000n\000\040\000s\000e\000l\000e\000c\000c\000i\000o\000n\000a\000d\000a\000:\000\040\000m\000o\000d\000i\000f\000i\000c\000a\000c\000i\000\363\000n\000\040\000d\000e\000l\000\040\000e\000s\000p\000a\000c\000i\000o\000\040\000l\000a\000t\000e\000n\000t\000e}{subsection.5.4}% 92
\BOOKMARK [2][-]{subsection.5.5}{\376\377\000E\000v\000a\000l\000u\000a\000c\000i\000\363\000n\000\040\000y\000\040\000r\000e\000s\000u\000l\000t\000a\000d\000o\000s}{section.5}% 93
\BOOKMARK [3][-]{subsubsection.5.5.1}{\376\377\000L\000i\000m\000i\000t\000a\000c\000i\000o\000n\000e\000s\000\040\000d\000e\000l\000\040\000m\000o\000d\000e\000l\000o\000\040\000b\000a\000s\000e}{subsection.5.5}% 94
\BOOKMARK [3][-]{subsubsection.5.5.2}{\376\377\000E\000v\000a\000l\000u\000a\000c\000i\000\363\000n\000\040\000d\000e\000\040\000c\000o\000h\000e\000r\000e\000n\000c\000i\000a\000\040\000s\000e\000m\000\341\000n\000t\000i\000c\000a\000\040\000c\000o\000n\000\040\000C\000L\000I\000P}{subsection.5.5}% 95
\BOOKMARK [3][-]{subsubsection.5.5.3}{\376\377\000A\000n\000\341\000l\000i\000s\000i\000s\000\040\000d\000e\000l\000\040\000c\000o\000s\000t\000e\000\040\000d\000e\000\040\000e\000n\000t\000r\000e\000n\000a\000m\000i\000e\000n\000t\000o}{subsection.5.5}% 96
\BOOKMARK [3][-]{subsubsection.5.5.4}{\376\377\000E\000v\000a\000l\000u\000a\000c\000i\000\363\000n\000\040\000d\000e\000\040\000l\000a\000\040\000g\000e\000n\000e\000r\000a\000l\000i\000z\000a\000c\000i\000\363\000n\000\040\000d\000e\000l\000\040\000m\000o\000d\000e\000l\000o}{subsection.5.5}% 97
\BOOKMARK [2][-]{subsection.5.6}{\376\377\000P\000r\000u\000e\000b\000a\000s\000\040\000d\000e\000l\000\040\000s\000i\000s\000t\000e\000m\000a\000\040\000d\000e\000\040\000r\000e\000c\000u\000p\000e\000r\000a\000c\000i\000\363\000n\000\040\000d\000e\000\040\000i\000m\000\341\000g\000e\000n\000e\000s}{section.5}% 98
\BOOKMARK [3][-]{subsubsection.5.6.1}{\376\377\000M\000e\000t\000o\000d\000o\000l\000o\000g\000\355\000a\000\040\000d\000e\000\040\000r\000e\000c\000u\000p\000e\000r\000a\000c\000i\000\363\000n}{subsection.5.6}% 99
\BOOKMARK [3][-]{subsubsection.5.6.2}{\376\377\000C\000a\000s\000o\000s\000\040\000d\000e\000\040\000p\000r\000u\000e\000b\000a}{subsection.5.6}% 100
\BOOKMARK [3][-]{subsubsection.5.6.3}{\376\377\000A\000n\000\341\000l\000i\000s\000i\000s\000\040\000d\000e\000\040\000r\000e\000s\000u\000l\000t\000a\000d\000o\000s}{subsection.5.6}% 101
\BOOKMARK [2][-]{subsection.5.7}{\376\377\000C\000o\000n\000c\000l\000u\000s\000i\000o\000n\000e\000s}{section.5}% 102
\BOOKMARK [0][-]{part.2}{\376\377\000I\000I\000\040\000D\000e\000s\000a\000r\000r\000o\000l\000l\000o\000\040\000d\000e\000\040\000s\000o\000f\000t\000w\000a\000r\000e}{}% 103
\BOOKMARK [1][-]{section.6}{\376\377\000R\000e\000q\000u\000i\000s\000i\000t\000o\000s\000\040\000y\000\040\000a\000n\000\341\000l\000i\000s\000i\000s}{part.2}% 104
\BOOKMARK [2][-]{subsection.6.1}{\376\377\000E\000s\000p\000e\000c\000i\000f\000i\000c\000a\000c\000i\000\363\000n\000\040\000d\000e\000\040\000r\000e\000q\000u\000i\000s\000i\000t\000o\000s}{section.6}% 105
\BOOKMARK [3][-]{subsubsection.6.1.1}{\376\377\000R\000e\000q\000u\000i\000s\000i\000t\000o\000s\000\040\000f\000u\000n\000c\000i\000o\000n\000a\000l\000e\000s}{subsection.6.1}% 106
\BOOKMARK [3][-]{subsubsection.6.1.2}{\376\377\000R\000e\000q\000u\000i\000s\000i\000t\000o\000s\000\040\000n\000o\000\040\000f\000u\000n\000c\000i\000o\000n\000a\000l\000e\000s}{subsection.6.1}% 107
\BOOKMARK [2][-]{subsection.6.2}{\376\377\000H\000i\000s\000t\000o\000r\000i\000a\000s\000\040\000d\000e\000\040\000u\000s\000u\000a\000r\000i\000o}{section.6}% 108
\BOOKMARK [2][-]{subsection.6.3}{\376\377\000M\000o\000d\000e\000l\000o\000\040\000d\000e\000\040\000c\000a\000s\000o\000\040\000d\000e\000\040\000u\000s\000o}{section.6}% 109
\BOOKMARK [2][-]{subsection.6.4}{\376\377\000M\000o\000d\000e\000l\000o\000s\000\040\000d\000e\000\040\000c\000o\000m\000p\000o\000r\000t\000a\000m\000i\000e\000n\000t\000o}{section.6}% 110
\BOOKMARK [3][-]{subsubsection.6.4.1}{\376\377\000D\000i\000a\000g\000r\000a\000m\000a\000s\000\040\000d\000e\000\040\000s\000e\000c\000u\000e\000n\000c\000i\000a}{subsection.6.4}% 111
\BOOKMARK [3][-]{subsubsection.6.4.2}{\376\377\000T\000r\000a\000z\000a\000b\000i\000l\000i\000d\000a\000d\000\040\000e\000n\000t\000r\000e\000\040\000c\000a\000s\000o\000s\000\040\000d\000e\000\040\000u\000s\000o\000,\000\040\000h\000i\000s\000t\000o\000r\000i\000a\000s\000\040\000d\000e\000\040\000u\000s\000u\000a\000r\000i\000o\000\040\000y\000\040\000r\000e\000q\000u\000i\000s\000i\000t\000o\000s}{subsection.6.4}% 112
\BOOKMARK [3][-]{subsubsection.6.4.3}{\376\377\000D\000i\000a\000g\000r\000a\000m\000a\000\040\000d\000e\000\040\000a\000c\000t\000i\000v\000i\000d\000a\000d}{subsection.6.4}% 113
\BOOKMARK [1][-]{section.7}{\376\377\000D\000i\000s\000e\000\361\000o}{part.2}% 114
\BOOKMARK [2][-]{subsection.7.1}{\376\377\000D\000i\000s\000e\000\361\000o\000\040\000d\000e\000\040\000l\000a\000\040\000a\000r\000q\000u\000i\000t\000e\000c\000t\000u\000r\000a}{section.7}% 115
\BOOKMARK [2][-]{subsection.7.2}{\376\377\000M\000o\000d\000e\000l\000o\000\040\000c\000o\000n\000c\000e\000p\000t\000u\000a\000l}{section.7}% 116
\BOOKMARK [2][-]{subsection.7.3}{\376\377\000D\000i\000s\000e\000\361\000o\000\040\000d\000e\000l\000\040\000m\000o\000d\000e\000l\000o\000\040\000d\000e\000\040\000c\000l\000a\000s\000e\000s}{section.7}% 117
\BOOKMARK [3][-]{subsubsection.7.3.1}{\376\377\000M\000o\000d\000e\000l\000o\000\040\000d\000e\000\040\000c\000l\000a\000s\000e\000s\000\040\000e\000n\000\040\000J\000a\000v\000a}{subsection.7.3}% 118
\BOOKMARK [3][-]{subsubsection.7.3.2}{\376\377\000M\000o\000d\000e\000l\000o\000\040\000d\000e\000\040\000c\000l\000a\000s\000e\000s\000\040\000e\000n\000\040\000P\000y\000t\000h\000o\000n}{subsection.7.3}% 119
\BOOKMARK [2][-]{subsection.7.4}{\376\377\000D\000i\000s\000e\000\361\000o\000\040\000d\000e\000\040\000l\000a\000\040\000i\000n\000t\000e\000r\000f\000a\000z}{section.7}% 120
\BOOKMARK [3][-]{subsubsection.7.4.1}{\376\377\000D\000i\000a\000g\000r\000a\000m\000a\000\040\000d\000e\000\040\000f\000l\000u\000j\000o\000\040\000d\000e\000\040\000i\000n\000t\000e\000r\000a\000c\000c\000i\000\363\000n}{subsection.7.4}% 121
\BOOKMARK [3][-]{subsubsection.7.4.2}{\376\377\000B\000o\000c\000e\000t\000o\000s}{subsection.7.4}% 122
\BOOKMARK [3][-]{subsubsection.7.4.3}{\376\377\000W\000i\000r\000e\000f\000r\000a\000m\000e\000s}{subsection.7.4}% 123
\BOOKMARK [3][-]{subsubsection.7.4.4}{\376\377\000P\000r\000o\000t\000o\000t\000i\000p\000o\000\040\000e\000n\000\040\000F\000i\000g\000m\000a}{subsection.7.4}% 124
\BOOKMARK [3][-]{subsubsection.7.4.5}{\376\377\000U\000s\000a\000b\000i\000l\000i\000d\000a\000d}{subsection.7.4}% 125
\BOOKMARK [1][-]{section.8}{\376\377\000I\000m\000p\000l\000e\000m\000e\000n\000t\000a\000c\000i\000\363\000n}{part.2}% 126
\BOOKMARK [2][-]{subsection.8.1}{\376\377\000I\000m\000p\000l\000e\000m\000e\000n\000t\000a\000c\000i\000\363\000n\000\040\000d\000e\000\040\000l\000a\000\040\000A\000P\000I\000\040\000p\000a\000r\000a\000\040\000l\000a\000\040\000G\000e\000n\000e\000r\000a\000c\000i\000\363\000n\000\040\000d\000e\000\040\000I\000m\000\341\000g\000e\000n\000e\000s}{section.8}% 127
\BOOKMARK [3][-]{subsubsection.8.1.1}{\376\377\000A\000r\000q\000u\000i\000t\000e\000c\000t\000u\000r\000a\000\040\000d\000e\000\040\000l\000a\000\040\000A\000P\000I}{subsection.8.1}% 128
\BOOKMARK [3][-]{subsubsection.8.1.2}{\376\377\000E\000n\000d\000p\000o\000i\000n\000t\000s\000\040\000i\000m\000p\000l\000e\000m\000e\000n\000t\000a\000d\000o\000s}{subsection.8.1}% 129
\BOOKMARK [3][-]{subsubsection.8.1.3}{\376\377\000F\000l\000u\000j\000o\000\040\000d\000e\000\040\000i\000n\000t\000e\000r\000a\000c\000c\000i\000\363\000n}{subsection.8.1}% 130
\BOOKMARK [3][-]{subsubsection.8.1.4}{\376\377\000E\000n\000t\000o\000r\000n\000o\000\040\000y\000\040\000d\000e\000s\000p\000l\000i\000e\000g\000u\000e}{subsection.8.1}% 131
\BOOKMARK [3][-]{subsubsection.8.1.5}{\376\377\000C\000o\000n\000c\000l\000u\000s\000i\000\363\000n}{subsection.8.1}% 132
\BOOKMARK [2][-]{subsection.8.2}{\376\377\000I\000n\000t\000e\000g\000r\000a\000c\000i\000\363\000n\000\040\000c\000o\000n\000\040\000l\000a\000\040\000p\000l\000a\000t\000a\000f\000o\000r\000m\000a\000\040\000J\000M\000R\000\040\000\050\000J\000a\000v\000a\000\051}{section.8}% 133
\BOOKMARK [3][-]{subsubsection.8.2.1}{\376\377\000A\000r\000q\000u\000i\000t\000e\000c\000t\000u\000r\000a\000\040\000d\000e\000\040\000i\000n\000t\000e\000g\000r\000a\000c\000i\000\363\000n}{subsection.8.2}% 134
\BOOKMARK [3][-]{subsubsection.8.2.2}{\376\377\000F\000l\000u\000j\000o\000\040\000d\000e\000\040\000g\000e\000n\000e\000r\000a\000c\000i\000\363\000n\000\040\000d\000e\000\040\000i\000m\000a\000g\000e\000n}{subsection.8.2}% 135
\BOOKMARK [3][-]{subsubsection.8.2.3}{\376\377\000S\000e\000l\000e\000c\000c\000i\000\363\000n\000\040\000y\000\040\000g\000e\000s\000t\000i\000\363\000n\000\040\000d\000e\000\040\000l\000a\000\040\000A\000P\000I}{subsection.8.2}% 136
\BOOKMARK [3][-]{subsubsection.8.2.4}{\376\377\000C\000o\000n\000s\000u\000l\000t\000a\000\040\000s\000i\000n\000\040\000v\000i\000s\000u\000a\000l\000i\000z\000a\000c\000i\000\363\000n}{subsection.8.2}% 137
\BOOKMARK [3][-]{subsubsection.8.2.5}{\376\377\000H\000i\000s\000t\000o\000r\000i\000a\000l\000\040\000r\000e\000u\000t\000i\000l\000i\000z\000a\000b\000l\000e}{subsection.8.2}% 138
\BOOKMARK [3][-]{subsubsection.8.2.6}{\376\377\000G\000e\000s\000t\000i\000\363\000n\000\040\000d\000e\000\040\000e\000r\000r\000o\000r\000e\000s}{subsection.8.2}% 139
\BOOKMARK [3][-]{subsubsection.8.2.7}{\376\377\000C\000o\000m\000u\000n\000i\000c\000a\000c\000i\000\363\000n\000\040\000c\000o\000n\000\040\000e\000l\000\040\000s\000i\000s\000t\000e\000m\000a\000\040\000g\000e\000n\000e\000r\000a\000t\000i\000v\000o\000:\000\040\000d\000e\000s\000c\000r\000i\000p\000t\000o\000r\000e\000s\000\040\000d\000e\000\040\000i\000m\000a\000g\000e\000n}{subsection.8.2}% 140
\BOOKMARK [2][-]{subsection.8.3}{\376\377\000C\000o\000n\000s\000i\000d\000e\000r\000a\000c\000i\000o\000n\000e\000s\000\040\000d\000e\000\040\000s\000e\000g\000u\000r\000i\000d\000a\000d\000\040\000y\000\040\000r\000e\000n\000d\000i\000m\000i\000e\000n\000t\000o}{section.8}% 141
\BOOKMARK [3][-]{subsubsection.8.3.1}{\376\377\000G\000e\000s\000t\000i\000\363\000n\000\040\000d\000e\000l\000\040\000e\000n\000t\000o\000r\000n\000o\000\040\000c\000o\000n\000\040\000P\000o\000e\000t\000r\000y}{subsection.8.3}% 142
\BOOKMARK [3][-]{subsubsection.8.3.2}{\376\377\000C\000o\000n\000t\000e\000n\000e\000r\000i\000z\000a\000c\000i\000\363\000n\000\040\000y\000\040\000p\000o\000r\000t\000a\000b\000i\000l\000i\000d\000a\000d\000\040\000c\000o\000n\000\040\000D\000o\000c\000k\000e\000r}{subsection.8.3}% 143
\BOOKMARK [3][-]{subsubsection.8.3.3}{\376\377\000A\000u\000t\000o\000m\000a\000t\000i\000z\000a\000c\000i\000\363\000n\000\040\000d\000e\000l\000\040\000d\000e\000s\000a\000r\000r\000o\000l\000l\000o\000\040\000c\000o\000n\000\040\000G\000i\000t\000H\000u\000b\000\040\000W\000o\000r\000k\000f\000l\000o\000w\000s}{subsection.8.3}% 144
\BOOKMARK [3][-]{subsubsection.8.3.4}{\376\377\000S\000e\000g\000u\000r\000i\000d\000a\000d\000\040\000e\000n\000\040\000l\000a\000\040\000A\000P\000I\000\040\000R\000E\000S\000T}{subsection.8.3}% 145
\BOOKMARK [3][-]{subsubsection.8.3.5}{\376\377\000O\000p\000t\000i\000m\000i\000z\000a\000c\000i\000\363\000n\000\040\000d\000e\000l\000\040\000r\000e\000n\000d\000i\000m\000i\000e\000n\000t\000o}{subsection.8.3}% 146
\BOOKMARK [3][-]{subsubsection.8.3.6}{\376\377\000P\000r\000e\000p\000a\000r\000a\000c\000i\000\363\000n\000\040\000p\000a\000r\000a\000\040\000p\000r\000o\000d\000u\000c\000c\000i\000\363\000n\000\040\000y\000\040\000d\000e\000s\000p\000l\000i\000e\000g\000u\000e\000\040\000e\000s\000c\000a\000l\000a\000b\000l\000e}{subsection.8.3}% 147
\BOOKMARK [3][-]{subsubsection.8.3.7}{\376\377\000R\000e\000f\000l\000e\000x\000i\000\363\000n\000\040\000f\000i\000n\000a\000l}{subsection.8.3}% 148
\BOOKMARK [2][-]{subsection.8.4}{\376\377\000P\000r\000u\000e\000b\000a\000s\000\040\000y\000\040\000v\000a\000l\000i\000d\000a\000c\000i\000\363\000n}{section.8}% 149
\BOOKMARK [3][-]{subsubsection.8.4.1}{\376\377\000P\000r\000u\000e\000b\000a\000s\000\040\000s\000o\000b\000r\000e\000\040\000l\000a\000\040\000A\000P\000I\000\040\000R\000E\000S\000T}{subsection.8.4}% 150
\BOOKMARK [3][-]{subsubsection.8.4.2}{\376\377\000P\000r\000u\000e\000b\000a\000s\000\040\000e\000n\000\040\000l\000a\000\040\000a\000p\000l\000i\000c\000a\000c\000i\000\363\000n\000\040\000J\000M\000R}{subsection.8.4}% 151
\BOOKMARK [3][-]{subsubsection.8.4.3}{\376\377\000V\000a\000l\000i\000d\000a\000c\000i\000\363\000n\000\040\000d\000e\000\040\000c\000o\000n\000s\000i\000s\000t\000e\000n\000c\000i\000a\000\040\000e\000\040\000i\000n\000t\000e\000g\000r\000i\000d\000a\000d}{subsection.8.4}% 152
\BOOKMARK [3][-]{subsubsection.8.4.4}{\376\377\000C\000o\000n\000c\000l\000u\000s\000i\000\363\000n}{subsection.8.4}% 153
\BOOKMARK [1][-]{section.9}{\376\377\000M\000a\000n\000u\000a\000l\000\040\000d\000e\000\040\000u\000s\000u\000a\000r\000i\000o}{part.2}% 154
\BOOKMARK [2][-]{subsection.9.1}{\376\377\000I\000n\000t\000r\000o\000d\000u\000c\000c\000i\000\363\000n}{section.9}% 155
\BOOKMARK [2][-]{subsection.9.2}{\376\377\000I\000n\000i\000c\000i\000o\000\040\000d\000e\000\040\000l\000a\000\040\000a\000p\000l\000i\000c\000a\000c\000i\000\363\000n}{section.9}% 156
\BOOKMARK [2][-]{subsection.9.3}{\376\377\000D\000e\000s\000c\000r\000i\000p\000c\000i\000\363\000n\000\040\000d\000e\000\040\000l\000a\000\040\000i\000n\000t\000e\000r\000f\000a\000z}{section.9}% 157
\BOOKMARK [2][-]{subsection.9.4}{\376\377\000S\000e\000l\000e\000c\000c\000i\000\363\000n\000\040\000d\000e\000\040\000A\000P\000I\000\040\000p\000a\000r\000a\000\040\000g\000e\000n\000e\000r\000a\000c\000i\000\363\000n\000\040\000d\000e\000\040\000i\000m\000\341\000g\000e\000n\000e\000s}{section.9}% 158
\BOOKMARK [2][-]{subsection.9.5}{\376\377\000C\000\363\000m\000o\000\040\000g\000e\000n\000e\000r\000a\000r\000\040\000u\000n\000a\000\040\000i\000m\000a\000g\000e\000n}{section.9}% 159
\BOOKMARK [2][-]{subsection.9.6}{\376\377\000C\000\363\000m\000o\000\040\000g\000e\000n\000e\000r\000a\000r\000\040\000u\000n\000a\000\040\000c\000o\000n\000s\000u\000l\000t\000a\000\040\000s\000i\000n\000\040\000m\000o\000s\000t\000r\000a\000r\000\040\000l\000a\000\040\000i\000m\000a\000g\000e\000n}{section.9}% 160
\BOOKMARK [2][-]{subsection.9.7}{\376\377\000R\000e\000u\000t\000i\000l\000i\000z\000a\000r\000\040\000i\000m\000\341\000g\000e\000n\000e\000s\000\040\000g\000e\000n\000e\000r\000a\000d\000a\000s}{section.9}% 161
\BOOKMARK [2][-]{subsection.9.8}{\376\377\000E\000r\000r\000o\000r\000e\000s\000\040\000y\000\040\000s\000o\000l\000u\000c\000i\000o\000n\000e\000s\000\040\000c\000o\000m\000u\000n\000e\000s}{section.9}% 162
\BOOKMARK [1][-]{section.10}{\376\377\000C\000o\000n\000c\000l\000u\000s\000i\000o\000n\000e\000s}{part.2}% 163
\BOOKMARK [2][-]{subsection.10.1}{\376\377\000L\000\355\000n\000e\000a\000s\000\040\000f\000u\000t\000u\000r\000a\000s\000\040\000d\000e\000\040\000t\000r\000a\000b\000a\000j\000o}{section.10}% 164
\BOOKMARK [0][-]{part.3}{\376\377\000I\000I\000I\000\040\000A\000n\000e\000x\000o\000s}{}% 165
\BOOKMARK [1][-]{appendix.Alph1}{\376\377\000C\000a\000p\000t\000u\000r\000a\000s\000\040\000d\000e\000l\000\040\000p\000r\000o\000t\000o\000t\000i\000p\000o\000\040\000F\000i\000g\000m\000a}{part.3}% 166
\BOOKMARK [1][-]{appendix.Alph2}{\376\377\000G\000l\000o\000s\000a\000r\000i\000o\000\040\000d\000e\000\040\000t\000\351\000r\000m\000i\000n\000o\000s}{part.3}% 167
\BOOKMARK [2][-]{subsection.Alph2.1}{\376\377\000M\000o\000d\000e\000l\000a\000d\000o\000\040\000y\000\040\000e\000n\000t\000r\000e\000n\000a\000m\000i\000e\000n\000t\000o}{appendix.Alph2}% 168
\BOOKMARK [2][-]{subsection.Alph2.2}{\376\377\000R\000e\000d\000e\000s\000\040\000n\000e\000u\000r\000o\000n\000a\000l\000e\000s\000\040\000y\000\040\000a\000r\000q\000u\000i\000t\000e\000c\000t\000u\000r\000a}{appendix.Alph2}% 169
\BOOKMARK [2][-]{subsection.Alph2.3}{\376\377\000D\000a\000t\000a\000s\000e\000t\000s\000\040\000y\000\040\000d\000a\000t\000o\000s}{appendix.Alph2}% 170
\BOOKMARK [2][-]{subsection.Alph2.4}{\376\377\000I\000n\000t\000e\000r\000f\000a\000z\000\040\000y\000\040\000d\000i\000s\000e\000\361\000o}{appendix.Alph2}% 171
\BOOKMARK [1][-]{appendix.Alph3}{\376\377\000C\000\363\000d\000i\000g\000o\000\040\000f\000u\000e\000n\000t\000e\000\040\000d\000e\000l\000\040\000s\000i\000s\000t\000e\000m\000a\000\040\000d\000e\000s\000a\000r\000r\000o\000l\000l\000a\000d\000o}{part.3}% 172
